[3861] 15 Apr 13:45:49.976 * Max number of open files set to 10032
                _._                                                  
           _.-``__ ''-._                                             
      _.-``    `.  `_.  ''-._           Redis 2.6.12 (00000000/0) 64 bit
  .-`` .-```.  ```\/    _.,_ ''-._                                   
 (    '      ,       .-`  | `,    )     Running in stand alone mode
 |`-._`-...-` __...-.``-._|'` _.-'|     Port: 5556
 |    `-._   `._    /     _.-'    |     PID: 3861
  `-._    `-._  `-./  _.-'    _.-'                                   
 |`-._`-._    `-.__.-'    _.-'_.-'|                                  
 |    `-._`-._        _.-'_.-'    |           http://redis.io        
  `-._    `-._`-.__.-'_.-'    _.-'                                   
 |`-._`-._    `-.__.-'    _.-'_.-'|                                  
 |    `-._`-._        _.-'_.-'    |                                  
  `-._    `-._`-.__.-'_.-'    _.-'                                   
      `-._    `-.__.-'    _.-'                                       
          `-._        _.-'                                           
              `-.__.-'                                               

[3861] 15 Apr 13:45:50.001 # Server started, Redis version 2.6.12
[3861] 15 Apr 13:45:50.001 * The server is now ready to accept connections on port 5556
[3861 | signal handler] (1397594862) Received SIGTERM, scheduling shutdown...
[3861] 15 Apr 13:47:42.732 # User requested shutdown...
[3861] 15 Apr 13:47:42.732 # Redis is now ready to exit, bye bye...
